<?xml version="1.0" encoding="UTF-8"?>
<testng-results skipped="0" failed="0" ignored="4" total="5" passed="1">
  <reporter-output>
    <line>
      <![CDATA[username]]>
    </line>
    <line>
      <![CDATA[password]]>
    </line>
  </reporter-output>
  <suite name="Default suite" duration-ms="11537" started-at="2022-10-29T02:08:55Z" finished-at="2022-10-29T02:09:06Z">
    <groups>
    </groups>
    <test name="Default test" duration-ms="11537" started-at="2022-10-29T02:08:55Z" finished-at="2022-10-29T02:09:06Z">
      <class name="com.training.tests.LoginTest">
        <test-method status="PASS" signature="Method()[pri:0, instance:com.training.tests.LoginTest@1b1473ab]" name="Method" is-config="true" duration-ms="4262" started-at="2022-10-29T02:08:55Z" finished-at="2022-10-29T02:08:59Z">
          <reporter-output>
          </reporter-output>
        </test-method> <!-- Method -->
        <test-method status="PASS" signature="LogintoSFDCTC2()[pri:0, instance:com.training.tests.LoginTest@1b1473ab]" name="LogintoSFDCTC2" duration-ms="3304" started-at="2022-10-29T02:08:59Z" finished-at="2022-10-29T02:09:02Z">
          <reporter-output>
            <line>
              <![CDATA[username]]>
            </line>
            <line>
              <![CDATA[password]]>
            </line>
          </reporter-output>
        </test-method> <!-- LogintoSFDCTC2 -->
        <test-method status="PASS" signature="teardown()[pri:0, instance:com.training.tests.LoginTest@1b1473ab]" name="teardown" is-config="true" duration-ms="3881" started-at="2022-10-29T02:09:02Z" finished-at="2022-10-29T02:09:06Z">
          <reporter-output>
          </reporter-output>
        </test-method> <!-- teardown -->
      </class> <!-- com.training.tests.LoginTest -->
    </test> <!-- Default test -->
  </suite> <!-- Default suite -->
</testng-results>
