<?xml version="1.0" encoding="UTF-8"?>
<!-- Generated by org.testng.reporters.JUnitXMLReporter -->
<testsuite hostname="DESKTOP-LF2LQG7" ignored="4" name="Default test" tests="1" failures="0" timestamp="29 Oct 2022 02:09:06 GMT" time="11.537" errors="0">
  <testcase name="LogintoSFDCTC2" time="3.304" classname="com.training.tests.LoginTest"/>
  <testcase name="LoginErrorTC1" time="0.0" classname="com.training.tests.LoginTest">
    <ignored/>
  </testcase> <!-- LoginErrorTC1 -->
  <testcase name="CheckRemeberMeTC3" time="0.0" classname="com.training.tests.LoginTest">
    <ignored/>
  </testcase> <!-- CheckRemeberMeTC3 -->
  <testcase name="ForgotPasswordTC4B" time="0.0" classname="com.training.tests.LoginTest">
    <ignored/>
  </testcase> <!-- ForgotPasswordTC4B -->
  <testcase name="ForgotPasswordTC4A" time="0.0" classname="com.training.tests.LoginTest">
    <ignored/>
  </testcase> <!-- ForgotPasswordTC4A -->
</testsuite> <!-- Default test -->
