<?xml version="1.0" encoding="UTF-8"?>
<!-- Generated by org.testng.reporters.JUnitXMLReporter -->
<testsuite ignored="0" hostname="DESKTOP-LF2LQG7" failures="1" tests="2" name="Login" time="5.521" errors="0" timestamp="02 Jul 2022 06:23:50 GMT">
  <testcase classname="com.training.tests.LoginTest" name="@BeforeMethod beforeMethod" time="4.979">
    <failure type="java.io.FileNotFoundException" message="null\null (The system cannot find the path specified)">
      <![CDATA[java.io.FileNotFoundException: null\null (The system cannot find the path specified)
at java.base/java.io.FileInputStream.open0(Native Method)
at java.base/java.io.FileInputStream.open(FileInputStream.java:216)
at java.base/java.io.FileInputStream.<init>(FileInputStream.java:157)
at java.base/java.io.FileInputStream.<init>(FileInputStream.java:111)
at com.training.utilities.CommonUtilities.getproperty(CommonUtilities.java:15)
at com.training.tests.LoginTest.beforeMethod(LoginTest.java:25)
... Removed 28 stack frames]]>
    </failure>
  </testcase> <!-- @BeforeMethod beforeMethod -->
  <testcase classname="com.training.tests.LoginTest" name="validateLogin" time="0.0">
    <skipped/>
  </testcase> <!-- validateLogin -->
  <testcase classname="com.training.tests.LoginTest" name="validateLogin" time="5.484">
    <failure type="java.lang.NullPointerException" message="Cannot invoke &amp;quot;com.aventstack.extentreports.ExtentTest.log(com.aventstack.extentreports.Status, String)&amp;quot; because the return value of &amp;quot;com.training.listeners.ExtentTestManager.getTest()&amp;quot; is null">
      <![CDATA[java.lang.NullPointerException: Cannot invoke "com.aventstack.extentreports.ExtentTest.log(com.aventstack.extentreports.Status, String)" because the return value of "com.training.listeners.ExtentTestManager.getTest()" is null
at com.training.listeners.TestListener.onTestSkipped(TestListener.java:41)
... Removed 23 stack frames]]>
    </failure>
  </testcase> <!-- validateLogin -->
</testsuite> <!-- Login -->
